<?xml version="1.0" encoding="UTF-8"?>
<!-- Generated by org.testng.reporters.JUnitReportReporter -->
<testsuite hostname="DESKTOP-GFO15FD" failures="0" tests="6" name="test.Test3" time="0.007" errors="0" timestamp="2022-09-14T22:58:43 CDT" skipped="0">
  <testcase classname="test.Test3" name="FAQs" time="0.001"/>
  <system-out/>
  <testcase classname="test.Test3" name="ShoppingCart" time="0.002"/>
  <system-out/>
  <testcase classname="test.Test3" name="BuyRecord" time="0.001"/>
  <system-out/>
  <testcase classname="test.Test3" name="AboutUs" time="0.001"/>
  <system-out/>
  <testcase classname="test.Test3" name="AboutUs" time="0.001"/>
  <system-out/>
  <testcase classname="test.Test3" name="ShoppingCart" time="0.001"/>
  <system-out/>
</testsuite> <!-- test.Test3 -->
