<?xml version="1.0" encoding="UTF-8"?>
<!-- Generated by org.testng.reporters.JUnitReportReporter -->
<testsuite hostname="DESKTOP-GFO15FD" failures="0" tests="2" name="test.Test1" time="0.011" errors="0" timestamp="2022-09-14T17:59:38 CDT" skipped="0">
  <testcase classname="test.Test1" name="Demo" time="0.010"/>
  <system-out/>
  <testcase classname="test.Test1" name="SecondTest" time="0.001"/>
  <system-out/>
</testsuite> <!-- test.Test1 -->
