<?xml version="1.0" encoding="UTF-8"?>
<!-- Generated by org.testng.reporters.JUnitReportReporter -->
<testsuite hostname="DESKTOP-GFO15FD" failures="0" tests="2" name="test.Test1" time="0.008" errors="0" timestamp="2022-09-15T18:09:42 CDT" skipped="0">
  <testcase classname="test.Test1" name="Login" time="0.006"/>
  <system-out/>
  <testcase classname="test.Test1" name="Register" time="0.002"/>
  <system-out/>
</testsuite> <!-- test.Test1 -->
