<?xml version="1.0" encoding="UTF-8"?>
<!-- Generated by org.testng.reporters.JUnitReportReporter -->
<testsuite hostname="DESKTOP-GFO15FD" failures="0" tests="1" name="Submit.stepDefinitions.StepDefinitionsImpl" time="0.009" errors="0" timestamp="2022-09-18T14:09:35 CDT" skipped="0">
  <testcase classname="Submit.stepDefinitions.StepDefinitionsImpl" name="Register" time="0.009"/>
  <system-out/>
</testsuite> <!-- Submit.stepDefinitions.StepDefinitionsImpl -->
