<?xml version="1.0" encoding="UTF-8"?>
<!-- Generated by org.testng.reporters.JUnitReportReporter -->
<testsuite hostname="DESKTOP-GFO15FD" failures="0" tests="2" name="test.Test1" time="0.007" errors="0" timestamp="2022-09-16T22:20:00 CDT" skipped="0">
  <testcase classname="test.Test1" name="Register" time="0.001"/>
  <system-out/>
  <testcase classname="test.Test1" name="Login" time="0.006"/>
  <system-out/>
</testsuite> <!-- test.Test1 -->
