<?xml version="1.0" encoding="UTF-8"?>
<!-- Generated by org.testng.reporters.JUnitReportReporter -->
<testsuite hostname="DESKTOP-GFO15FD" failures="0" tests="7" name="test.Test5" time="0.037" errors="0" timestamp="2022-09-16T22:07:27 CDT" skipped="1">
  <testcase classname="test.Test5" name="Test5Method8" time="0.003"/>
  <system-out/>
  <testcase classname="test.Test5" name="Test5Method3" time="0.011"/>
  <system-out/>
  <testcase classname="test.Test5" name="Test5Method6" time="0.008"/>
  <system-out/>
  <testcase classname="test.Test5" name="Test5Method9" time="0.008"/>
  <system-out/>
  <testcase classname="test.Test5" name="Test5Method2" time="0.005"/>
  <system-out/>
  <testcase classname="test.Test5" name="Test5Method4" time="0.002"/>
  <system-out/>
  <testcase classname="test.Test5" name="Test5Method10">
    <skipped/>
  </testcase> <!-- Test5Method10 -->
  <system-out/>
</testsuite> <!-- test.Test5 -->
