<?xml version="1.0" encoding="UTF-8"?>
<!-- Generated by org.testng.reporters.JUnitReportReporter -->
<testsuite hostname="DESKTOP-GFO15FD" failures="0" tests="12" name="test.Test3" time="0.020" errors="0" timestamp="2022-09-15T10:35:20 CDT" skipped="0">
  <testcase classname="test.Test3" name="ShoppingCart" time="0.002"/>
  <system-out/>
  <testcase classname="test.Test3" name="MobileFeatures8" time="0.004"/>
  <system-out/>
  <testcase classname="test.Test3" name="AboutUs" time="0.001"/>
  <system-out/>
  <testcase classname="test.Test3" name="BuyRecord" time="0.002"/>
  <system-out/>
  <testcase classname="test.Test3" name="MobileFeatures6" time="0.001"/>
  <system-out/>
  <testcase classname="test.Test3" name="MobileFeatures3" time="0.001"/>
  <system-out/>
  <testcase classname="test.Test3" name="MobileFeatures7" time="0.001"/>
  <system-out/>
  <testcase classname="test.Test3" name="MobileFeatures5" time="0.001"/>
  <system-out/>
  <testcase classname="test.Test3" name="FAQs" time="0.001"/>
  <system-out/>
  <testcase classname="test.Test3" name="MobileFeatures4" time="0.001"/>
  <system-out/>
  <testcase classname="test.Test3" name="MobileFeatures" time="0.002"/>
  <system-out/>
  <testcase classname="test.Test3" name="MobileFeatures2" time="0.003"/>
  <system-out/>
</testsuite> <!-- test.Test3 -->
