<?xml version="1.0" encoding="UTF-8"?>
<!-- Generated by org.testng.reporters.JUnitReportReporter -->
<testsuite hostname="DESKTOP-GFO15FD" failures="0" tests="1" name="test.Test2" time="0.001" errors="0" timestamp="2022-09-16T22:20:00 CDT" skipped="0">
  <testcase classname="test.Test2" name="Blog" time="0.001"/>
  <system-out/>
</testsuite> <!-- test.Test2 -->
