<?xml version="1.0" encoding="UTF-8"?>
<!-- Generated by org.testng.reporters.JUnitReportReporter -->
<testsuite hostname="DESKTOP-GFO15FD" failures="0" tests="4" name="test.Test4" time="0.005" errors="0" timestamp="2022-09-15T23:29:51 CDT" skipped="0">
  <testcase classname="test.Test4" name="WebRegister" time="0.002"/>
  <system-out/>
  <testcase classname="test.Test4" name="APIHome" time="0.001"/>
  <system-out/>
  <testcase classname="test.Test4" name="WebRegister" time="0.001"/>
  <system-out/>
  <testcase classname="test.Test4" name="MobileRegister" time="0.001"/>
  <system-out/>
</testsuite> <!-- test.Test4 -->
